<?xml version="1.0" encoding="UTF-8"?>
<testng-results skipped="0" failed="1" ignored="0" total="2" passed="1">
  <reporter-output>
  </reporter-output>
  <suite name="HubSpot application test suite" duration-ms="6721" started-at="2019-10-02T18:04:54Z" finished-at="2019-10-02T18:05:01Z">
    <groups>
    </groups>
    <test name="HubSpot application test" duration-ms="6721" started-at="2019-10-02T18:04:54Z" finished-at="2019-10-02T18:05:01Z">
      <class name="com.app.hubspot.qa.testcases.LoginPageTest">
        <test-method status="PASS" signature="browserSetUp()[pri:0, instance:com.app.hubspot.qa.testcases.LoginPageTest@27efef64]" name="browserSetUp" is-config="true" duration-ms="13810" started-at="2019-10-02T18:04:40Z" finished-at="2019-10-02T18:04:54Z">
          <reporter-output>
          </reporter-output>
        </test-method> <!-- browserSetUp -->
        <test-method status="FAIL" signature="loginPageTitleTest()[pri:1, instance:com.app.hubspot.qa.testcases.LoginPageTest@27efef64]" name="loginPageTitleTest" duration-ms="40" started-at="2019-10-02T18:04:54Z" finished-at="2019-10-02T18:04:54Z">
          <exception class="java.lang.AssertionError">
            <message>
              <![CDATA[expected [HubSpot Login] but found [Checking browser]]]>
            </message>
            <full-stacktrace>
              <![CDATA[java.lang.AssertionError: expected [HubSpot Login] but found [Checking browser]
at org.testng.Assert.fail(Assert.java:96)
at org.testng.Assert.failNotEquals(Assert.java:776)
at org.testng.Assert.assertEqualsImpl(Assert.java:137)
at org.testng.Assert.assertEquals(Assert.java:118)
at org.testng.Assert.assertEquals(Assert.java:453)
at org.testng.Assert.assertEquals(Assert.java:463)
at com.app.hubspot.qa.testcases.LoginPageTest.loginPageTitleTest(LoginPageTest.java:15)
at sun.reflect.NativeMethodAccessorImpl.invoke0(Native Method)
at sun.reflect.NativeMethodAccessorImpl.invoke(NativeMethodAccessorImpl.java:62)
at sun.reflect.DelegatingMethodAccessorImpl.invoke(DelegatingMethodAccessorImpl.java:43)
at java.lang.reflect.Method.invoke(Method.java:498)
at org.testng.internal.MethodInvocationHelper.invokeMethod(MethodInvocationHelper.java:124)
at org.testng.internal.Invoker.invokeMethod(Invoker.java:583)
at org.testng.internal.Invoker.invokeTestMethod(Invoker.java:719)
at org.testng.internal.Invoker.invokeTestMethods(Invoker.java:989)
at org.testng.internal.TestMethodWorker.invokeTestMethods(TestMethodWorker.java:125)
at org.testng.internal.TestMethodWorker.run(TestMethodWorker.java:109)
at org.testng.TestRunner.privateRun(TestRunner.java:648)
at org.testng.TestRunner.run(TestRunner.java:505)
at org.testng.SuiteRunner.runTest(SuiteRunner.java:455)
at org.testng.SuiteRunner.runSequentially(SuiteRunner.java:450)
at org.testng.SuiteRunner.privateRun(SuiteRunner.java:415)
at org.testng.SuiteRunner.run(SuiteRunner.java:364)
at org.testng.SuiteRunnerWorker.runSuite(SuiteRunnerWorker.java:52)
at org.testng.SuiteRunnerWorker.run(SuiteRunnerWorker.java:84)
at org.testng.TestNG.runSuitesSequentially(TestNG.java:1208)
at org.testng.TestNG.runSuitesLocally(TestNG.java:1137)
at org.testng.TestNG.runSuites(TestNG.java:1049)
at org.testng.TestNG.run(TestNG.java:1017)
at org.testng.remote.AbstractRemoteTestNG.run(AbstractRemoteTestNG.java:115)
at org.testng.remote.RemoteTestNG.initAndRun(RemoteTestNG.java:251)
at org.testng.remote.RemoteTestNG.main(RemoteTestNG.java:77)
]]>
            </full-stacktrace>
          </exception> <!-- java.lang.AssertionError -->
          <reporter-output>
          </reporter-output>
        </test-method> <!-- loginPageTitleTest -->
        <test-method status="PASS" signature="teardown(org.testng.ITestResult)[pri:0, instance:com.app.hubspot.qa.testcases.LoginPageTest@27efef64]" name="teardown" is-config="true" duration-ms="364" started-at="2019-10-02T18:04:54Z" finished-at="2019-10-02T18:04:54Z">
          <params>
            <param index="0">
              <value>
                <![CDATA[[TestResult name=loginPageTitleTest status=FAILURE method=LoginPageTest.loginPageTitleTest()[pri:1, instance:com.app.hubspot.qa.testcases.LoginPageTest@27efef64] output={null}]]]>
              </value>
            </param>
          </params>
          <reporter-output>
          </reporter-output>
        </test-method> <!-- teardown -->
        <test-method status="PASS" signature="loginPageTest()[pri:2, instance:com.app.hubspot.qa.testcases.LoginPageTest@27efef64]" name="loginPageTest" duration-ms="6294" started-at="2019-10-02T18:04:54Z" finished-at="2019-10-02T18:05:01Z">
          <reporter-output>
          </reporter-output>
        </test-method> <!-- loginPageTest -->
        <test-method status="PASS" signature="teardown(org.testng.ITestResult)[pri:0, instance:com.app.hubspot.qa.testcases.LoginPageTest@27efef64]" name="teardown" is-config="true" duration-ms="0" started-at="2019-10-02T18:05:01Z" finished-at="2019-10-02T18:05:01Z">
          <params>
            <param index="0">
              <value>
                <![CDATA[[TestResult name=loginPageTest status=SUCCESS method=LoginPageTest.loginPageTest()[pri:2, instance:com.app.hubspot.qa.testcases.LoginPageTest@27efef64] output={null}]]]>
              </value>
            </param>
          </params>
          <reporter-output>
          </reporter-output>
        </test-method> <!-- teardown -->
        <test-method status="PASS" signature="closeBrowser()[pri:0, instance:com.app.hubspot.qa.testcases.LoginPageTest@27efef64]" name="closeBrowser" is-config="true" duration-ms="336" started-at="2019-10-02T18:05:01Z" finished-at="2019-10-02T18:05:01Z">
          <reporter-output>
          </reporter-output>
        </test-method> <!-- closeBrowser -->
      </class> <!-- com.app.hubspot.qa.testcases.LoginPageTest -->
    </test> <!-- HubSpot application test -->
  </suite> <!-- HubSpot application test suite -->
</testng-results>
