<?xml version="1.0" encoding="UTF-8"?>
<!-- Generated by org.testng.reporters.JUnitXMLReporter -->
<testsuite hostname="LAPTOP-31B2K48K" ignored="0" name="HubSpot application test" tests="2" failures="1" timestamp="02 Oct 2019 18:05:01 GMT" time="6.721" errors="0">
  <testcase name="loginPageTitleTest" time="0.04" classname="com.app.hubspot.qa.testcases.LoginPageTest">
    <failure type="java.lang.AssertionError" message="expected [HubSpot Login] but found [Checking browser]">
      <![CDATA[java.lang.AssertionError: expected [HubSpot Login] but found [Checking browser]
at com.app.hubspot.qa.testcases.LoginPageTest.loginPageTitleTest(LoginPageTest.java:15)
... Removed 31 stack frames]]>
    </failure>
  </testcase> <!-- loginPageTitleTest -->
  <testcase name="loginPageTest" time="6.294" classname="com.app.hubspot.qa.testcases.LoginPageTest"/>
</testsuite> <!-- HubSpot application test -->
